<?xml version="1.0" encoding="UTF-8"?>
<!-- Generated by org.testng.reporters.JUnitReportReporter -->
<testsuite hostname="UKLONDLP83" failures="0" tests="1" name="com.TAE3.simple.HomePageTest" time="0.012" errors="0" timestamp="27 Apr 2018 11:59:59 GMT">
  <testcase classname="com.TAE3.simple.HomePageTest" name="test" time="0.012"/>
</testsuite> <!-- com.TAE3.simple.HomePageTest -->
