<?xml version="1.0" encoding="UTF-8"?>
<!-- Generated by org.testng.reporters.JUnitReportReporter -->
<testsuite hostname="UKLONDLP83" failures="0" tests="1" name="com.TAE3.simple.HomePageTest" time="0.011" errors="0" timestamp="27 Apr 2018 11:57:56 GMT">
  <testcase classname="com.TAE3.simple.HomePageTest" name="test" time="0.011"/>
</testsuite> <!-- com.TAE3.simple.HomePageTest -->
